<?xml version="1.0" encoding="UTF-8"?>
<testng-results skipped="0" failed="0" total="1" passed="1">
  <reporter-output>
  </reporter-output>
  <suite name="Default suite" duration-ms="34156" started-at="2019-01-27T12:20:42Z" finished-at="2019-01-27T12:21:16Z">
    <groups>
    </groups>
    <test name="Default test" duration-ms="34156" started-at="2019-01-27T12:20:42Z" finished-at="2019-01-27T12:21:16Z">
      <class name="Tests.AddBankAccount">
        <test-method status="PASS" signature="beforeTest()[pri:0, instance:Tests.AddBankAccount@6cc4c815]" name="beforeTest" is-config="true" duration-ms="2087" started-at="2019-01-27T23:20:42Z" finished-at="2019-01-27T23:20:44Z">
          <reporter-output>
          </reporter-output>
        </test-method> <!-- beforeTest -->
        <test-method status="PASS" signature="addBankAccount_ValidInputs()[pri:0, instance:Tests.AddBankAccount@6cc4c815]" name="addBankAccount_ValidInputs" duration-ms="31883" started-at="2019-01-27T23:20:44Z" finished-at="2019-01-27T23:21:16Z">
          <reporter-output>
          </reporter-output>
        </test-method> <!-- addBankAccount_ValidInputs -->
        <test-method status="PASS" signature="afterTest()[pri:0, instance:Tests.AddBankAccount@6cc4c815]" name="afterTest" is-config="true" duration-ms="169" started-at="2019-01-27T23:21:16Z" finished-at="2019-01-27T23:21:16Z">
          <reporter-output>
          </reporter-output>
        </test-method> <!-- afterTest -->
      </class> <!-- Tests.AddBankAccount -->
    </test> <!-- Default test -->
  </suite> <!-- Default suite -->
</testng-results>
